<?xml version="1.0" encoding="UTF-8"?>
<testsuite xmlns:xsi="http://www.w3.org/2001/XMLSchema-instance" xsi:noNamespaceSchemaLocation="https://maven.apache.org/surefire/maven-surefire-plugin/xsd/surefire-test-report.xsd" name="ksr.grupa3.AppTest" time="0.014" tests="1" errors="0" skipped="0" failures="0">
  <properties>
    <property name="sun.desktop" value="windows"/>
    <property name="awt.toolkit" value="sun.awt.windows.WToolkit"/>
    <property name="file.encoding.pkg" value="sun.io"/>
    <property name="java.specification.version" value="1.8"/>
    <property name="sun.cpu.isalist" value="amd64"/>
    <property name="sun.jnu.encoding" value="Cp1250"/>
    <property name="java.class.path" value="C:\Users\maste\Desktop\other\Systemy_rozpoznawania\klasyfikacja\target\test-classes;C:\Users\maste\Desktop\other\Systemy_rozpoznawania\klasyfikacja\target\classes;C:\Users\maste\.m2\repository\junit\junit\4.11\junit-4.11.jar;C:\Users\maste\.m2\repository\org\hamcrest\hamcrest-core\1.3\hamcrest-core-1.3.jar;"/>
    <property name="java.vm.vendor" value="Oracle Corporation"/>
    <property name="sun.arch.data.model" value="64"/>
    <property name="user.variant" value=""/>
    <property name="java.vendor.url" value="http://java.oracle.com/"/>
    <property name="user.timezone" value="Europe/Belgrade"/>
    <property name="java.vm.specification.version" value="1.8"/>
    <property name="os.name" value="Windows 10"/>
    <property name="user.country" value="PL"/>
    <property name="sun.java.launcher" value="SUN_STANDARD"/>
    <property name="sun.boot.library.path" value="C:\Program Files\OpenJDK\openjdk-8u312-b07\jre\bin"/>
    <property name="sun.java.command" value="C:\Users\maste\AppData\Local\Temp\surefire2379885892302591746\surefirebooter7280199012180816388.jar C:\Users\maste\AppData\Local\Temp\surefire2379885892302591746 2022-03-02T09-57-43_148-jvmRun1 surefire2089433729712830706tmp surefire_0868518062275887266tmp"/>
    <property name="surefire.test.class.path" value="C:\Users\maste\Desktop\other\Systemy_rozpoznawania\klasyfikacja\target\test-classes;C:\Users\maste\Desktop\other\Systemy_rozpoznawania\klasyfikacja\target\classes;C:\Users\maste\.m2\repository\junit\junit\4.11\junit-4.11.jar;C:\Users\maste\.m2\repository\org\hamcrest\hamcrest-core\1.3\hamcrest-core-1.3.jar;"/>
    <property name="sun.cpu.endian" value="little"/>
    <property name="user.home" value="C:\Users\maste"/>
    <property name="user.language" value="pl"/>
    <property name="java.specification.vendor" value="Oracle Corporation"/>
    <property name="java.home" value="C:\Program Files\OpenJDK\openjdk-8u312-b07\jre"/>
    <property name="basedir" value="C:\Users\maste\Desktop\other\Systemy_rozpoznawania\klasyfikacja"/>
    <property name="file.separator" value="\"/>
    <property name="line.separator" value="&#10;"/>
    <property name="java.vm.specification.vendor" value="Oracle Corporation"/>
    <property name="java.specification.name" value="Java Platform API Specification"/>
    <property name="java.awt.graphicsenv" value="sun.awt.Win32GraphicsEnvironment"/>
    <property name="surefire.real.class.path" value="C:\Users\maste\AppData\Local\Temp\surefire2379885892302591746\surefirebooter7280199012180816388.jar"/>
    <property name="sun.boot.class.path" value="C:\Program Files\OpenJDK\openjdk-8u312-b07\jre\lib\resources.jar;C:\Program Files\OpenJDK\openjdk-8u312-b07\jre\lib\rt.jar;C:\Program Files\OpenJDK\openjdk-8u312-b07\jre\lib\sunrsasign.jar;C:\Program Files\OpenJDK\openjdk-8u312-b07\jre\lib\jsse.jar;C:\Program Files\OpenJDK\openjdk-8u312-b07\jre\lib\jce.jar;C:\Program Files\OpenJDK\openjdk-8u312-b07\jre\lib\charsets.jar;C:\Program Files\OpenJDK\openjdk-8u312-b07\jre\lib\jfr.jar;C:\Program Files\OpenJDK\openjdk-8u312-b07\jre\classes"/>
    <property name="user.script" value=""/>
    <property name="sun.management.compiler" value="HotSpot 64-Bit Tiered Compilers"/>
    <property name="java.runtime.version" value="1.8.0_312-b07"/>
    <property name="user.name" value="maste"/>
    <property name="path.separator" value=";"/>
    <property name="os.version" value="10.0"/>
    <property name="java.endorsed.dirs" value="C:\Program Files\OpenJDK\openjdk-8u312-b07\jre\lib\endorsed"/>
    <property name="java.runtime.name" value="OpenJDK Runtime Environment"/>
    <property name="file.encoding" value="Cp1250"/>
    <property name="java.vm.name" value="OpenJDK 64-Bit Server VM"/>
    <property name="localRepository" value="C:\Users\maste\.m2\repository"/>
    <property name="java.vendor.url.bug" value="http://bugreport.sun.com/bugreport/"/>
    <property name="java.io.tmpdir" value="C:\Users\maste\AppData\Local\Temp\"/>
    <property name="java.version" value="1.8.0_312"/>
    <property name="user.dir" value="C:\Users\maste\Desktop\other\Systemy_rozpoznawania\klasyfikacja"/>
    <property name="os.arch" value="amd64"/>
    <property name="java.vm.specification.name" value="Java Virtual Machine Specification"/>
    <property name="java.awt.printerjob" value="sun.awt.windows.WPrinterJob"/>
    <property name="sun.os.patch.level" value=""/>
    <property name="java.library.path" value="C:\Program Files\OpenJDK\openjdk-8u312-b07\jre\bin;C:\Windows\Sun\Java\bin;C:\Windows\system32;C:\Windows;C:\Program Files\Eclipse Adoptium\jdk-17.0.2.8-hotspot\bin;C:\Program Files\NVIDIA GPU Computing Toolkit\CUDA\v11.2\bin;C:\Program Files\NVIDIA GPU Computing Toolkit\CUDA\v11.2\libnvvp;;C:\Program Files (x86)\Common Files\Intel\Shared Libraries\redist\intel64\compiler;C:\Program Files (x86)\Common Files\Oracle\Java\javapath;C:\Windows\system32;C:\Windows;C:\Windows\System32\Wbem;C:\Windows\System32\WindowsPowerShell\v1.0\;C:\Windows\System32\OpenSSH\;C:\Program Files (x86)\NVIDIA Corporation\PhysX\Common;C:\Program Files\NVIDIA Corporation\NVIDIA NvDLISR;C:\Program Files (x86)\IncrediBuild;C:\Program Files\Microsoft SQL Server\Client SDK\ODBC\170\Tools\Binn\;C:\Program Files (x86)\Microsoft SQL Server\150\Tools\Binn\;C:\Program Files\Microsoft SQL Server\150\Tools\Binn\;C:\Program Files\Microsoft SQL Server\150\DTS\Binn\;C:\Program Files (x86)\Microsoft SQL Server\150\DTS\Binn\;C:\Program Files\Azure Data Studio\bin;C:\Program Files\dotnet\;C:\Program Files\Git\cmd;C:\vslibs\SDL2-2.0.16\lib\x64;C:\vslibs\SDL2_image-2.0.5\lib\x64;C:\Users\maste\AppData\Local\Microsoft\WindowsApps;C:\ProgramData\chocolatey\bin;C:\Program Files\OpenJDK\openjdk-8u312-b07\bin;C:\Users\maste\AppData\Roaming\nvm;C:\Program Files\nodejs;C:\Program Files\NVIDIA Corporation\Nsight Compute 2020.3.0\;C:\Users\maste\AppData\Local\Programs\Python\Python39\Scripts\;C:\Users\maste\AppData\Local\Programs\Python\Python39\;C:\Users\maste\AppData\Local\Microsoft\WindowsApps;C:\Users\maste\AppData\Local\Programs\Microsoft VS Code\bin;C:\Users\maste\AppData\Local\Microsoft\WindowsApps\PythonSoftwareFoundation.Python.3.9_qbz5n2kfra8p0;C:\Program Files\Azure Data Studio\bin;C:\Users\maste\.dotnet\tools;C:\Users\maste\AppData\Local\GitHubDesktop\bin;C:\Users\maste\AppData\Local\Android\Sdk\platform-tools;C:\Users\maste\AppData\Roaming\nvm;C:\Program Files\nodejs;C:\msys64\mingw64\bin;D:\apache-maven-3.8.4\bin;;."/>
    <property name="java.vm.info" value="mixed mode"/>
    <property name="java.vendor" value="Oracle Corporation"/>
    <property name="java.vm.version" value="25.312-b07"/>
    <property name="java.ext.dirs" value="C:\Program Files\OpenJDK\openjdk-8u312-b07\jre\lib\ext;C:\Windows\Sun\Java\lib\ext"/>
    <property name="sun.io.unicode.encoding" value="UnicodeLittle"/>
    <property name="java.class.version" value="52.0"/>
  </properties>
  <testcase name="shouldAnswerWithTrue" classname="ksr.grupa3.AppTest" time="0.001"/>
</testsuite>